<?xml version="1.0" encoding="UTF-8"?>
<coverage generated="1670366677874" clover="3.2.0">
  <project timestamp="1670366677874" name="All files">
    <metrics statements="9" coveredstatements="9" conditionals="4" coveredconditionals="4" methods="2" coveredmethods="2" elements="15" coveredelements="15" complexity="0" loc="9" ncloc="9" packages="1" files="2" classes="2"/>
    <file name="printMessage.js" path="/home/murilo/trybe/trybe-exercicios/fundamentos/bloco-07-introducao-a-javascript-es6-e-teste-unitarios/dia-03-matchers-e-cobertura-de-codigo/exercicios/printMessage.js">
      <metrics statements="5" coveredstatements="5" conditionals="0" coveredconditionals="0" methods="1" coveredmethods="1"/>
      <line num="1" count="1" type="stmt"/>
      <line num="7" count="1" type="stmt"/>
      <line num="8" count="1" type="stmt"/>
      <line num="11" count="1" type="stmt"/>
      <line num="13" count="1" type="stmt"/>
    </file>
    <file name="sum.js" path="/home/murilo/trybe/trybe-exercicios/fundamentos/bloco-07-introducao-a-javascript-es6-e-teste-unitarios/dia-03-matchers-e-cobertura-de-codigo/exercicios/sum.js">
      <metrics statements="4" coveredstatements="4" conditionals="4" coveredconditionals="4" methods="1" coveredmethods="1"/>
      <line num="2" count="4" type="cond" truecount="4" falsecount="0"/>
      <line num="3" count="2" type="stmt"/>
      <line num="6" count="2" type="stmt"/>
      <line num="9" count="1" type="stmt"/>
    </file>
  </project>
</coverage>
