{"/home/murilo/trybe/trybe-exercicios/fundamentos/bloco-07-introducao-a-javascript-es6-e-teste-unitarios/dia-03-matchers-e-cobertura-de-codigo/exercicios/printMessage.js": {"path":"/home/murilo/trybe/trybe-exercicios/fundamentos/bloco-07-introducao-a-javascript-es6-e-teste-unitarios/dia-03-matchers-e-cobertura-de-codigo/exercicios/printMessage.js","statementMap":{"0":{"start":{"line":1,"column":13},"end":{"line":5,"column":1}},"1":{"start":{"line":7,"column":21},"end":{"line":9,"column":1}},"2":{"start":{"line":8,"column":2},"end":{"line":8,"column":54}},"3":{"start":{"line":11,"column":0},"end":{"line":11,"column":32}},"4":{"start":{"line":13,"column":0},"end":{"line":13,"column":40}}},"fnMap":{"0":{"name":"(anonymous_0)","decl":{"start":{"line":7,"column":21},"end":{"line":7,"column":22}},"loc":{"start":{"line":7,"column":40},"end":{"line":9,"column":1}},"line":7}},"branchMap":{},"s":{"0":1,"1":1,"2":2,"3":1,"4":1},"f":{"0":2},"b":{},"_coverageSchema":"1a1c01bbd47fc00a2c39e90264f33305004495a9","hash":"bbb380099618c6bbfb89086f1c57ae85cc73dbd2"}
,"/home/murilo/trybe/trybe-exercicios/fundamentos/bloco-07-introducao-a-javascript-es6-e-teste-unitarios/dia-03-matchers-e-cobertura-de-codigo/exercicios/sum.js": {"path":"/home/murilo/trybe/trybe-exercicios/fundamentos/bloco-07-introducao-a-javascript-es6-e-teste-unitarios/dia-03-matchers-e-cobertura-de-codigo/exercicios/sum.js","statementMap":{"0":{"start":{"line":2,"column":2},"end":{"line":4,"column":3}},"1":{"start":{"line":3,"column":4},"end":{"line":3,"column":50}},"2":{"start":{"line":6,"column":2},"end":{"line":6,"column":15}},"3":{"start":{"line":9,"column":0},"end":{"line":9,"column":21}}},"fnMap":{"0":{"name":"sum","decl":{"start":{"line":1,"column":9},"end":{"line":1,"column":12}},"loc":{"start":{"line":1,"column":19},"end":{"line":7,"column":1}},"line":1}},"branchMap":{"0":{"loc":{"start":{"line":2,"column":2},"end":{"line":4,"column":3}},"type":"if","locations":[{"start":{"line":2,"column":2},"end":{"line":4,"column":3}},{"start":{},"end":{}}],"line":2},"1":{"loc":{"start":{"line":2,"column":6},"end":{"line":2,"column":52}},"type":"binary-expr","locations":[{"start":{"line":2,"column":6},"end":{"line":2,"column":27}},{"start":{"line":2,"column":31},"end":{"line":2,"column":52}}],"line":2}},"s":{"0":4,"1":2,"2":2,"3":1},"f":{"0":4},"b":{"0":[2,2],"1":[4,2]},"_coverageSchema":"1a1c01bbd47fc00a2c39e90264f33305004495a9","hash":"7ff77bf2eb8d0556963435867c3bb8a3d3efda9b"}
}
