{"/home/murilo/trybe/trybe-exercicios/fundamentos/bloco-07-introducao-a-javascript-es6-e-teste-unitarios/dia-03-matchers-e-cobertura-de-codigo/exercicios/printMessage.js": {"path":"/home/murilo/trybe/trybe-exercicios/fundamentos/bloco-07-introducao-a-javascript-es6-e-teste-unitarios/dia-03-matchers-e-cobertura-de-codigo/exercicios/printMessage.js","statementMap":{"0":{"start":{"line":1,"column":13},"end":{"line":5,"column":3}},"1":{"start":{"line":7,"column":23},"end":{"line":12,"column":3}},"2":{"start":{"line":8,"column":4},"end":{"line":10,"column":5}},"3":{"start":{"line":9,"column":6},"end":{"line":9,"column":41}},"4":{"start":{"line":11,"column":4},"end":{"line":11,"column":55}},"5":{"start":{"line":14,"column":2},"end":{"line":14,"column":34}},"6":{"start":{"line":16,"column":2},"end":{"line":16,"column":42}}},"fnMap":{"0":{"name":"(anonymous_0)","decl":{"start":{"line":7,"column":23},"end":{"line":7,"column":24}},"loc":{"start":{"line":7,"column":42},"end":{"line":12,"column":3}},"line":7}},"branchMap":{"0":{"loc":{"start":{"line":8,"column":4},"end":{"line":10,"column":5}},"type":"if","locations":[{"start":{"line":8,"column":4},"end":{"line":10,"column":5}},{"start":{},"end":{}}],"line":8},"1":{"loc":{"start":{"line":8,"column":8},"end":{"line":8,"column":64}},"type":"binary-expr","locations":[{"start":{"line":8,"column":8},"end":{"line":8,"column":22}},{"start":{"line":8,"column":26},"end":{"line":8,"column":64}}],"line":8}},"s":{"0":1,"1":1,"2":5,"3":2,"4":3,"5":1,"6":1},"f":{"0":5},"b":{"0":[2,3],"1":[5,4]},"_coverageSchema":"1a1c01bbd47fc00a2c39e90264f33305004495a9","hash":"2e272c335adae2d54298cd5daf3852c88d8f5ae9"}
,"/home/murilo/trybe/trybe-exercicios/fundamentos/bloco-07-introducao-a-javascript-es6-e-teste-unitarios/dia-03-matchers-e-cobertura-de-codigo/exercicios/sum.js": {"path":"/home/murilo/trybe/trybe-exercicios/fundamentos/bloco-07-introducao-a-javascript-es6-e-teste-unitarios/dia-03-matchers-e-cobertura-de-codigo/exercicios/sum.js","statementMap":{"0":{"start":{"line":2,"column":2},"end":{"line":4,"column":3}},"1":{"start":{"line":3,"column":4},"end":{"line":3,"column":50}},"2":{"start":{"line":6,"column":2},"end":{"line":6,"column":15}},"3":{"start":{"line":9,"column":0},"end":{"line":9,"column":21}}},"fnMap":{"0":{"name":"sum","decl":{"start":{"line":1,"column":9},"end":{"line":1,"column":12}},"loc":{"start":{"line":1,"column":19},"end":{"line":7,"column":1}},"line":1}},"branchMap":{"0":{"loc":{"start":{"line":2,"column":2},"end":{"line":4,"column":3}},"type":"if","locations":[{"start":{"line":2,"column":2},"end":{"line":4,"column":3}},{"start":{},"end":{}}],"line":2},"1":{"loc":{"start":{"line":2,"column":6},"end":{"line":2,"column":52}},"type":"binary-expr","locations":[{"start":{"line":2,"column":6},"end":{"line":2,"column":27}},{"start":{"line":2,"column":31},"end":{"line":2,"column":52}}],"line":2}},"s":{"0":4,"1":2,"2":2,"3":1},"f":{"0":4},"b":{"0":[2,2],"1":[4,2]},"_coverageSchema":"1a1c01bbd47fc00a2c39e90264f33305004495a9","hash":"7ff77bf2eb8d0556963435867c3bb8a3d3efda9b"}
}
